Started GET "/" for 127.0.0.1 at 2022-04-17 18:56:55 +0200
  [1m[35m (7.0ms)[0m  [1m[34mSELECT sqlite_version(*)[0m
  
ActionController::RoutingError (uninitialized constant PagesController):
  
Started GET "/" for 127.0.0.1 at 2022-04-17 19:04:05 +0200
Processing by PagesController#index as HTML
  Rendering layout layouts/application.html.erb
  Rendering pages/index.html.erb within layouts/application
  Rendered pages/index.html.erb within layouts/application (Duration: 0.8ms | Allocations: 108)
[Webpacker] Compiling...
[Webpacker] Compiled all packs in /Users/openpartners/Projekty/RoR/Ilya B./kurs/AskIt/public/packs
[Webpacker] Hash: 2034dd941d5476d8645c
Version: webpack 4.46.0
Time: 4630ms
Built at: 04/17/2022 7:04:17 PM
                                     Asset       Size       Chunks                         Chunk Names
    js/application-3dd0dc24d9c39bc09227.js    125 KiB  application  [emitted] [immutable]  application
js/application-3dd0dc24d9c39bc09227.js.map    139 KiB  application  [emitted] [dev]        application
                             manifest.json  364 bytes               [emitted]              
Entrypoint application = js/application-3dd0dc24d9c39bc09227.js js/application-3dd0dc24d9c39bc09227.js.map
[./app/javascript/channels sync recursive _channel\.js$] ./app/javascript/channels sync _channel\.js$ 160 bytes {application} [built]
[./app/javascript/channels/index.js] 211 bytes {application} [built]
[./app/javascript/packs/application.js] 492 bytes {application} [built]
[./node_modules/webpack/buildin/module.js] (webpack)/buildin/module.js 552 bytes {application} [built]
    + 3 hidden modules

  Rendered layout layouts/application.html.erb (Duration: 11649.6ms | Allocations: 15654)
Completed 200 OK in 11682ms (Views: 11656.6ms | Allocations: 17936)


Started GET "/" for 127.0.0.1 at 2022-04-17 19:04:44 +0200
Processing by PagesController#index as HTML
  Rendering layout layouts/application.html.erb
  Rendering pages/index.html.erb within layouts/application
  Rendered pages/index.html.erb within layouts/application (Duration: 0.3ms | Allocations: 39)
[Webpacker] Everything's up-to-date. Nothing to do
  Rendered layout layouts/application.html.erb (Duration: 19.5ms | Allocations: 3658)
Completed 200 OK in 23ms (Views: 20.6ms | Allocations: 4042)


Started GET "/" for 127.0.0.1 at 2022-04-17 19:07:10 +0200
Processing by PagesController#index as HTML
  Rendering layout layouts/application.html.erb
  Rendering pages/index.html.erb within layouts/application
  Rendered pages/index.html.erb within layouts/application (Duration: 1.4ms | Allocations: 123)
[Webpacker] Everything's up-to-date. Nothing to do
  Rendered layout layouts/application.html.erb (Duration: 33.6ms | Allocations: 3916)
Completed 200 OK in 49ms (Views: 44.2ms | Allocations: 5002)


Started GET "/" for 127.0.0.1 at 2022-04-17 19:07:26 +0200
Processing by PagesController#index as HTML
  Rendering layout layouts/application.html.erb
  Rendering pages/index.html.erb within layouts/application
  Rendered pages/index.html.erb within layouts/application (Duration: 1.3ms | Allocations: 122)
[Webpacker] Everything's up-to-date. Nothing to do
  Rendered layout layouts/application.html.erb (Duration: 34.2ms | Allocations: 3914)
Completed 200 OK in 49ms (Views: 44.8ms | Allocations: 4991)


Started GET "/" for 127.0.0.1 at 2022-04-17 19:11:01 +0200
Processing by PagesController#index as HTML
  Rendering layout layouts/application.html.erb
  Rendering pages/index.html.erb within layouts/application
  Rendered pages/index.html.erb within layouts/application (Duration: 0.9ms | Allocations: 140)
[Webpacker] Everything's up-to-date. Nothing to do
  Rendered layout layouts/application.html.erb (Duration: 25.4ms | Allocations: 3906)
Completed 200 OK in 50ms (Views: 41.9ms | Allocations: 5013)


Started GET "/?name=Andrey" for 127.0.0.1 at 2022-04-17 19:11:52 +0200
Processing by PagesController#index as HTML
  Parameters: {"name"=>"Andrey"}
  Rendering layout layouts/application.html.erb
  Rendering pages/index.html.erb within layouts/application
  Rendered pages/index.html.erb within layouts/application (Duration: 0.4ms | Allocations: 44)
[Webpacker] Everything's up-to-date. Nothing to do
  Rendered layout layouts/application.html.erb (Duration: 24.3ms | Allocations: 3667)
Completed 200 OK in 30ms (Views: 27.0ms | Allocations: 4054)


Started GET "/?name=Andrey" for 127.0.0.1 at 2022-04-17 19:12:14 +0200
Processing by PagesController#index as HTML
  Parameters: {"name"=>"Andrey"}
  Rendering layout layouts/application.html.erb
  Rendering pages/index.html.erb within layouts/application
  Rendered pages/index.html.erb within layouts/application (Duration: 3.8ms | Allocations: 137)
[Webpacker] Everything's up-to-date. Nothing to do
  Rendered layout layouts/application.html.erb (Duration: 27.4ms | Allocations: 3936)
Completed 200 OK in 42ms (Views: 36.1ms | Allocations: 5029)


Started GET "/?name=Andrey2" for 127.0.0.1 at 2022-04-17 19:26:06 +0200
  [1m[35m (6.4ms)[0m  [1m[34mSELECT sqlite_version(*)[0m
Processing by PagesController#index as HTML
  Parameters: {"name"=>"Andrey2"}
  Rendering layout layouts/application.html.erb
  Rendering pages/index.html.erb within layouts/application
  Rendered pages/index.html.erb within layouts/application (Duration: 7.6ms | Allocations: 248)
[Webpacker] Everything's up-to-date. Nothing to do
  Rendered layout layouts/application.html.erb (Duration: 135.7ms | Allocations: 10467)
Completed 200 OK in 196ms (Views: 157.3ms | ActiveRecord: 0.0ms | Allocations: 13009)


  [1m[35m (12.9ms)[0m  [1m[34mSELECT sqlite_version(*)[0m
  [1m[35m (5.7ms)[0m  [1m[34mSELECT sqlite_version(*)[0m
  [1m[35m (9.6ms)[0m  [1m[35mCREATE TABLE "schema_migrations" ("version" varchar NOT NULL PRIMARY KEY)[0m
  [1m[35m (4.1ms)[0m  [1m[35mCREATE TABLE "ar_internal_metadata" ("key" varchar NOT NULL PRIMARY KEY, "value" varchar, "created_at" datetime(6) NOT NULL, "updated_at" datetime(6) NOT NULL)[0m
  [1m[35m (1.5ms)[0m  [1m[34mSELECT "schema_migrations"."version" FROM "schema_migrations" ORDER BY "schema_migrations"."version" ASC[0m
Migrating to CreateQuestions (20220417174445)
  [1m[36mTRANSACTION (0.1ms)[0m  [1m[36mbegin transaction[0m
  [1m[35m (5.4ms)[0m  [1m[35mCREATE TABLE "questions" ("id" integer PRIMARY KEY AUTOINCREMENT NOT NULL, "title" varchar, "body" text, "created_at" datetime(6) NOT NULL, "updated_at" datetime(6) NOT NULL)[0m
  [1m[36mActiveRecord::SchemaMigration Create (2.2ms)[0m  [1m[32mINSERT INTO "schema_migrations" ("version") VALUES (?)[0m  [["version", "20220417174445"]]
  [1m[36mTRANSACTION (4.0ms)[0m  [1m[36mcommit transaction[0m
  [1m[36mActiveRecord::InternalMetadata Load (0.4ms)[0m  [1m[34mSELECT "ar_internal_metadata".* FROM "ar_internal_metadata" WHERE "ar_internal_metadata"."key" = ? LIMIT ?[0m  [["key", "environment"], ["LIMIT", 1]]
  [1m[36mTRANSACTION (0.1ms)[0m  [1m[36mbegin transaction[0m
  [1m[36mActiveRecord::InternalMetadata Create (3.0ms)[0m  [1m[32mINSERT INTO "ar_internal_metadata" ("key", "value", "created_at", "updated_at") VALUES (?, ?, ?, ?)[0m  [["key", "environment"], ["value", "development"], ["created_at", "2022-04-17 17:48:45.123192"], ["updated_at", "2022-04-17 17:48:45.123192"]]
  [1m[36mTRANSACTION (2.5ms)[0m  [1m[36mcommit transaction[0m
  [1m[35m (0.1ms)[0m  [1m[34mSELECT sqlite_version(*)[0m
  [1m[35m (0.3ms)[0m  [1m[34mSELECT "schema_migrations"."version" FROM "schema_migrations" ORDER BY "schema_migrations"."version" ASC[0m
  [1m[35m (2.9ms)[0m  [1m[34mSELECT sqlite_version(*)[0m
  [1m[36mTRANSACTION (0.3ms)[0m  [1m[36mbegin transaction[0m
  [1m[36mQuestion Create (2.5ms)[0m  [1m[32mINSERT INTO "questions" ("title", "body", "created_at", "updated_at") VALUES (?, ?, ?, ?)[0m  [["title", "My first question"], ["body", "sample"], ["created_at", "2022-04-17 17:54:57.528294"], ["updated_at", "2022-04-17 17:54:57.528294"]]
  [1m[36mTRANSACTION (4.0ms)[0m  [1m[36mcommit transaction[0m
  [1m[36mTRANSACTION (0.1ms)[0m  [1m[36mbegin transaction[0m
  [1m[36mQuestion Update (0.9ms)[0m  [1m[33mUPDATE "questions" SET "title" = ?, "updated_at" = ? WHERE "questions"."id" = ?[0m  [["title", "Updated"], ["updated_at", "2022-04-17 17:56:19.411264"], ["id", 1]]
  [1m[36mTRANSACTION (5.5ms)[0m  [1m[36mcommit transaction[0m
  [1m[36mTRANSACTION (0.2ms)[0m  [1m[36mbegin transaction[0m
  [1m[36mQuestion Destroy (0.7ms)[0m  [1m[31mDELETE FROM "questions" WHERE "questions"."id" = ?[0m  [["id", 1]]
  [1m[36mTRANSACTION (11.9ms)[0m  [1m[36mcommit transaction[0m
  [1m[36mQuestion Load (0.5ms)[0m  [1m[34mSELECT "questions".* FROM "questions" /* loading for inspect */ LIMIT ?[0m  [["LIMIT", 11]]
  [1m[35m (6.3ms)[0m  [1m[34mSELECT sqlite_version(*)[0m
Started GET "/questions" for 127.0.0.1 at 2022-04-17 20:13:27 +0200
  [1m[35m (6.0ms)[0m  [1m[34mSELECT sqlite_version(*)[0m
  [1m[35m (0.6ms)[0m  [1m[34mSELECT "schema_migrations"."version" FROM "schema_migrations" ORDER BY "schema_migrations"."version" ASC[0m
Processing by QuestionsController#index as HTML
  Rendering layout layouts/application.html.erb
  Rendering questions/index.html.erb within layouts/application
  Rendered questions/index.html.erb within layouts/application (Duration: 23.8ms | Allocations: 1481)
  Rendered layout layouts/application.html.erb (Duration: 24.5ms | Allocations: 1551)
Completed 500 Internal Server Error in 120ms (ActiveRecord: 0.0ms | Allocations: 4495)


  
ActionView::SyntaxErrorInTemplate (Encountered a syntax error while rendering template: check <h1>Questions</h1>

<%= questions.inspect %>

<%= @questions.each do 'question'%>
<% end %>

):
1:    <h1>Questions</h1>
2:    
3:    <%= questions.inspect %>
4:    
5:    <%= @questions.each do 'question'%>
6:    <% end %>
  
app/views/questions/index.html.erb:5: syntax error, unexpected ')', expecting `end'
app/views/questions/index.html.erb:6: syntax error, unexpected `end', expecting ')'
app/views/questions/index.html.erb:8: syntax error, unexpected `end', expecting ')'
app/views/questions/index.html.erb:5: syntax error, unexpected ')', expecting `end'
app/views/questions/index.html.erb:6: syntax error, unexpected `end', expecting ')'
app/views/questions/index.html.erb:8: syntax error, unexpected `end', expecting ')'
app/views/questions/index.html.erb:5: syntax error, unexpected ')', expecting `end'
app/views/questions/index.html.erb:6: syntax error, unexpected `end', expecting ')'
app/views/questions/index.html.erb:8: syntax error, unexpected `end', expecting ')'
app/views/questions/index.html.erb:5: syntax error, unexpected ')', expecting `end'
app/views/questions/index.html.erb:6: syntax error, unexpected `end', expecting ')'
app/views/questions/index.html.erb:8: syntax error, unexpected `end', expecting ')'
app/views/questions/index.html.erb:5: syntax error, unexpected ')', expecting `end'
app/views/questions/index.html.erb:6: syntax error, unexpected `end', expecting ')'
app/views/questions/index.html.erb:8: syntax error, unexpected `end', expecting ')'
app/views/questions/index.html.erb:5: syntax error, unexpected ')', expecting `end'
app/views/questions/index.html.erb:6: syntax error, unexpected `end', expecting ')'
app/views/questions/index.html.erb:8: syntax error, unexpected `end', expecting ')'
Started GET "/questions" for 127.0.0.1 at 2022-04-17 20:14:58 +0200
Processing by QuestionsController#index as HTML
  Rendering layout layouts/application.html.erb
  Rendering questions/index.html.erb within layouts/application
  Rendered questions/index.html.erb within layouts/application (Duration: 24.2ms | Allocations: 4162)
  Rendered layout layouts/application.html.erb (Duration: 25.8ms | Allocations: 4227)
Completed 500 Internal Server Error in 44ms (ActiveRecord: 0.0ms | Allocations: 5415)


  
ActionView::Template::Error (undefined local variable or method `questions' for #<ActionView::Base:0x00000000007c60>
Did you mean?  @questions):
    1: <h1>Questions</h1>
    2: 
    3: <%= questions.inspect %>
    4: 
    5: <%= @questions.each do |question| %>
    6: <% end %>
  
app/views/questions/index.html.erb:3
Started GET "/questions" for 127.0.0.1 at 2022-04-17 20:15:28 +0200
Processing by QuestionsController#index as HTML
  Rendering layout layouts/application.html.erb
  Rendering questions/index.html.erb within layouts/application
  [1m[36mQuestion Load (1.3ms)[0m  [1m[34mSELECT "questions".* FROM "questions" /* loading for inspect */ LIMIT ?[0m  [["LIMIT", 11]]
  ↳ app/views/questions/index.html.erb:3
  [1m[36mQuestion Load (0.3ms)[0m  [1m[34mSELECT "questions".* FROM "questions"[0m
  ↳ app/views/questions/index.html.erb:5
  Rendered questions/index.html.erb within layouts/application (Duration: 12.0ms | Allocations: 1582)
[Webpacker] Everything's up-to-date. Nothing to do
  Rendered layout layouts/application.html.erb (Duration: 104.1ms | Allocations: 6960)
Completed 200 OK in 114ms (Views: 109.9ms | ActiveRecord: 1.6ms | Allocations: 8065)


Started GET "/questions" for 127.0.0.1 at 2022-04-17 20:17:03 +0200
Processing by QuestionsController#index as HTML
  Rendering layout layouts/application.html.erb
  Rendering questions/index.html.erb within layouts/application
  [1m[36mQuestion Load (0.2ms)[0m  [1m[34mSELECT "questions".* FROM "questions" /* loading for inspect */ LIMIT ?[0m  [["LIMIT", 11]]
  ↳ app/views/questions/index.html.erb:3
  [1m[36mQuestion Load (0.5ms)[0m  [1m[34mSELECT "questions".* FROM "questions"[0m
  ↳ app/views/questions/index.html.erb:5
  Rendered questions/index.html.erb within layouts/application (Duration: 9.2ms | Allocations: 1479)
[Webpacker] Everything's up-to-date. Nothing to do
  Rendered layout layouts/application.html.erb (Duration: 47.5ms | Allocations: 5288)
Completed 200 OK in 65ms (Views: 59.7ms | ActiveRecord: 0.7ms | Allocations: 6391)


  [1m[35m (3.0ms)[0m  [1m[34mSELECT sqlite_version(*)[0m
  [1m[36mTRANSACTION (0.1ms)[0m  [1m[36mbegin transaction[0m
  [1m[36mQuestion Create (1.3ms)[0m  [1m[32mINSERT INTO "questions" ("title", "body", "created_at", "updated_at") VALUES (?, ?, ?, ?)[0m  [["title", "Mega fix"], ["body", "sample"], ["created_at", "2022-04-17 18:18:39.262558"], ["updated_at", "2022-04-17 18:18:39.262558"]]
  [1m[36mTRANSACTION (4.5ms)[0m  [1m[36mcommit transaction[0m
Started GET "/questions" for 127.0.0.1 at 2022-04-17 20:18:54 +0200
Processing by QuestionsController#index as HTML
  Rendering layout layouts/application.html.erb
  Rendering questions/index.html.erb within layouts/application
  [1m[36mQuestion Load (0.9ms)[0m  [1m[34mSELECT "questions".* FROM "questions" /* loading for inspect */ LIMIT ?[0m  [["LIMIT", 11]]
  ↳ app/views/questions/index.html.erb:3
  [1m[36mQuestion Load (0.4ms)[0m  [1m[34mSELECT "questions".* FROM "questions"[0m
  ↳ app/views/questions/index.html.erb:5
  Rendered questions/index.html.erb within layouts/application (Duration: 60.3ms | Allocations: 4593)
[Webpacker] Everything's up-to-date. Nothing to do
  Rendered layout layouts/application.html.erb (Duration: 163.4ms | Allocations: 8402)
Completed 200 OK in 183ms (Views: 172.7ms | ActiveRecord: 3.1ms | Allocations: 9505)


Started GET "/questions" for 127.0.0.1 at 2022-04-17 20:20:14 +0200
Processing by QuestionsController#index as HTML
  Rendering layout layouts/application.html.erb
  Rendering questions/index.html.erb within layouts/application
  [1m[36mQuestion Load (0.3ms)[0m  [1m[34mSELECT "questions".* FROM "questions"[0m
  ↳ app/views/questions/index.html.erb:5
  Rendered questions/index.html.erb within layouts/application (Duration: 12.3ms | Allocations: 819)
[Webpacker] Everything's up-to-date. Nothing to do
  Rendered layout layouts/application.html.erb (Duration: 77.2ms | Allocations: 4627)
Completed 200 OK in 102ms (Views: 96.2ms | ActiveRecord: 0.3ms | Allocations: 5717)


Started GET "/questions" for 127.0.0.1 at 2022-04-17 20:22:01 +0200
Processing by QuestionsController#index as HTML
  Rendering layout layouts/application.html.erb
  Rendering questions/index.html.erb within layouts/application
  [1m[36mQuestion Load (0.4ms)[0m  [1m[34mSELECT "questions".* FROM "questions"[0m
  ↳ app/views/questions/index.html.erb:5
  Rendered questions/index.html.erb within layouts/application (Duration: 7.2ms | Allocations: 856)
[Webpacker] Everything's up-to-date. Nothing to do
  Rendered layout layouts/application.html.erb (Duration: 49.1ms | Allocations: 4665)
Completed 200 OK in 66ms (Views: 61.8ms | ActiveRecord: 0.4ms | Allocations: 5768)


Started GET "/questions" for 127.0.0.1 at 2022-04-17 20:22:37 +0200
Processing by QuestionsController#index as HTML
  Rendering layout layouts/application.html.erb
  Rendering questions/index.html.erb within layouts/application
  [1m[36mQuestion Load (0.2ms)[0m  [1m[34mSELECT "questions".* FROM "questions"[0m
  ↳ app/views/questions/index.html.erb:5
  Rendered questions/index.html.erb within layouts/application (Duration: 11.6ms | Allocations: 847)
[Webpacker] Everything's up-to-date. Nothing to do
  Rendered layout layouts/application.html.erb (Duration: 67.9ms | Allocations: 4654)
Completed 200 OK in 89ms (Views: 83.5ms | ActiveRecord: 0.2ms | Allocations: 5745)


Started GET "/questions" for 127.0.0.1 at 2022-04-17 20:23:09 +0200
Processing by QuestionsController#index as HTML
  Rendering layout layouts/application.html.erb
  Rendering questions/index.html.erb within layouts/application
  [1m[36mQuestion Load (1.9ms)[0m  [1m[34mSELECT "questions".* FROM "questions"[0m
  ↳ app/views/questions/index.html.erb:5
  Rendered questions/index.html.erb within layouts/application (Duration: 10.4ms | Allocations: 863)
[Webpacker] Everything's up-to-date. Nothing to do
  Rendered layout layouts/application.html.erb (Duration: 45.7ms | Allocations: 4670)
Completed 200 OK in 72ms (Views: 63.4ms | ActiveRecord: 1.9ms | Allocations: 5761)


Started GET "/questions" for 127.0.0.1 at 2022-04-17 20:25:55 +0200
Processing by QuestionsController#index as HTML
  Rendering layout layouts/application.html.erb
  Rendering questions/index.html.erb within layouts/application
  [1m[36mQuestion Load (0.3ms)[0m  [1m[34mSELECT "questions".* FROM "questions"[0m
  ↳ app/views/questions/index.html.erb:5
  Rendered questions/index.html.erb within layouts/application (Duration: 9.2ms | Allocations: 890)
[Webpacker] Everything's up-to-date. Nothing to do
  Rendered layout layouts/application.html.erb (Duration: 68.5ms | Allocations: 4697)
Completed 200 OK in 93ms (Views: 84.2ms | ActiveRecord: 0.3ms | Allocations: 5788)


Started GET "/questions" for 127.0.0.1 at 2022-04-17 20:26:56 +0200
Processing by QuestionsController#index as HTML
  Rendering layout layouts/application.html.erb
  Rendering questions/index.html.erb within layouts/application
  [1m[36mQuestion Load (0.2ms)[0m  [1m[34mSELECT "questions".* FROM "questions"[0m
  ↳ app/views/questions/index.html.erb:3
  Rendered questions/index.html.erb within layouts/application (Duration: 7.9ms | Allocations: 887)
[Webpacker] Everything's up-to-date. Nothing to do
  Rendered layout layouts/application.html.erb (Duration: 57.2ms | Allocations: 4705)
Completed 200 OK in 74ms (Views: 70.9ms | ActiveRecord: 0.2ms | Allocations: 5801)


Started GET "/questions" for 127.0.0.1 at 2022-04-17 20:27:34 +0200
Processing by QuestionsController#index as HTML
  Rendering layout layouts/application.html.erb
  Rendering questions/index.html.erb within layouts/application
  [1m[36mQuestion Load (0.6ms)[0m  [1m[34mSELECT "questions".* FROM "questions"[0m
  ↳ app/views/questions/index.html.erb:3
  Rendered questions/index.html.erb within layouts/application (Duration: 7.7ms | Allocations: 890)
[Webpacker] Everything's up-to-date. Nothing to do
  Rendered layout layouts/application.html.erb (Duration: 58.6ms | Allocations: 4697)
Completed 200 OK in 76ms (Views: 67.8ms | ActiveRecord: 0.6ms | Allocations: 5791)


Started GET "/questions" for 127.0.0.1 at 2022-04-17 20:29:54 +0200
Processing by QuestionsController#index as HTML
  Rendering layout layouts/application.html.erb
  Rendering questions/index.html.erb within layouts/application
  [1m[35m (0.1ms)[0m  [1m[34mSELECT sqlite_version(*)[0m
  ↳ app/views/questions/index.html.erb:3
  [1m[36mQuestion Load (0.5ms)[0m  [1m[34mSELECT "questions".* FROM "questions"[0m
  ↳ app/views/questions/index.html.erb:3
  Rendered questions/index.html.erb within layouts/application (Duration: 19.8ms | Allocations: 4008)
[Webpacker] Everything's up-to-date. Nothing to do
  Rendered layout layouts/application.html.erb (Duration: 48.1ms | Allocations: 7777)
Completed 200 OK in 72ms (Views: 57.3ms | ActiveRecord: 2.4ms | Allocations: 9371)


Started GET "/questions" for 127.0.0.1 at 2022-04-17 20:34:55 +0200
Processing by QuestionsController#index as HTML
  Rendering layout layouts/application.html.erb
  Rendering questions/index.html.erb within layouts/application
  [1m[36mQuestion Load (0.3ms)[0m  [1m[34mSELECT "questions".* FROM "questions"[0m
  ↳ app/views/questions/index.html.erb:3
  Rendered questions/index.html.erb within layouts/application (Duration: 6.5ms | Allocations: 886)
[Webpacker] Everything's up-to-date. Nothing to do
  Rendered layout layouts/application.html.erb (Duration: 35.7ms | Allocations: 4795)
Completed 200 OK in 50ms (Views: 45.2ms | ActiveRecord: 0.3ms | Allocations: 5885)


Started GET "/" for 127.0.0.1 at 2022-04-17 20:34:58 +0200
Processing by PagesController#index as HTML
  Rendering layout layouts/application.html.erb
  Rendering pages/index.html.erb within layouts/application
  Rendered pages/index.html.erb within layouts/application (Duration: 3.6ms | Allocations: 137)
[Webpacker] Everything's up-to-date. Nothing to do
  Rendered layout layouts/application.html.erb (Duration: 27.3ms | Allocations: 3783)
Completed 200 OK in 35ms (Views: 32.5ms | ActiveRecord: 0.0ms | Allocations: 4662)


Started GET "/questions" for 127.0.0.1 at 2022-04-17 20:35:01 +0200
Processing by QuestionsController#index as HTML
  Rendering layout layouts/application.html.erb
  Rendering questions/index.html.erb within layouts/application
  [1m[36mQuestion Load (0.2ms)[0m  [1m[34mSELECT "questions".* FROM "questions"[0m
  ↳ app/views/questions/index.html.erb:3
  Rendered questions/index.html.erb within layouts/application (Duration: 8.9ms | Allocations: 717)
[Webpacker] Everything's up-to-date. Nothing to do
  Rendered layout layouts/application.html.erb (Duration: 55.6ms | Allocations: 5061)
Completed 200 OK in 59ms (Views: 57.3ms | ActiveRecord: 0.2ms | Allocations: 5452)


Started GET "/" for 127.0.0.1 at 2022-04-17 20:35:02 +0200
Processing by PagesController#index as HTML
  Rendering layout layouts/application.html.erb
  Rendering pages/index.html.erb within layouts/application
  Rendered pages/index.html.erb within layouts/application (Duration: 0.1ms | Allocations: 44)
[Webpacker] Everything's up-to-date. Nothing to do
  Rendered layout layouts/application.html.erb (Duration: 28.5ms | Allocations: 3719)
Completed 200 OK in 31ms (Views: 30.0ms | ActiveRecord: 0.0ms | Allocations: 4109)


Started GET "/questions" for 127.0.0.1 at 2022-04-17 20:35:03 +0200
Processing by QuestionsController#index as HTML
  Rendering layout layouts/application.html.erb
  Rendering questions/index.html.erb within layouts/application
  [1m[36mQuestion Load (0.4ms)[0m  [1m[34mSELECT "questions".* FROM "questions"[0m
  ↳ app/views/questions/index.html.erb:3
  Rendered questions/index.html.erb within layouts/application (Duration: 3.3ms | Allocations: 717)
[Webpacker] Everything's up-to-date. Nothing to do
  Rendered layout layouts/application.html.erb (Duration: 24.9ms | Allocations: 4392)
Completed 200 OK in 27ms (Views: 25.6ms | ActiveRecord: 0.4ms | Allocations: 4783)


Started GET "/questions" for 127.0.0.1 at 2022-04-17 20:37:42 +0200
Processing by QuestionsController#index as HTML
  Rendering layout layouts/application.html.erb
  Rendering questions/index.html.erb within layouts/application
  [1m[35m (0.2ms)[0m  [1m[34mSELECT sqlite_version(*)[0m
  ↳ app/views/questions/index.html.erb:3
  [1m[36mQuestion Load (0.3ms)[0m  [1m[34mSELECT "questions".* FROM "questions"[0m
  ↳ app/views/questions/index.html.erb:3
  Rendered questions/index.html.erb within layouts/application (Duration: 24.9ms | Allocations: 3810)
[Webpacker] Everything's up-to-date. Nothing to do
  Rendered layout layouts/application.html.erb (Duration: 51.2ms | Allocations: 7462)
Completed 200 OK in 62ms (Views: 53.0ms | ActiveRecord: 2.6ms | Allocations: 8387)


Started GET "/" for 127.0.0.1 at 2022-04-17 20:37:46 +0200
  
SyntaxError (/Users/openpartners/Projekty/RoR/Ilya B./kurs/AskIt/AskIt/app/controllers/pages_controller.rb:3: syntax error, unexpected ':'
    @name = if params[:name]? : "Anonim" 
                              ^
):
  
app/controllers/pages_controller.rb:3: syntax error, unexpected ':'
app/controllers/pages_controller.rb:3: syntax error, unexpected ':'
app/controllers/pages_controller.rb:3: syntax error, unexpected ':'
Started GET "/" for 127.0.0.1 at 2022-04-17 20:38:23 +0200
  
SyntaxError (/Users/openpartners/Projekty/RoR/Ilya B./kurs/AskIt/AskIt/app/controllers/pages_controller.rb:5: syntax error, unexpected end-of-input, expecting `end'):
  
app/controllers/pages_controller.rb:5: syntax error, unexpected end-of-input, expecting `end'
app/controllers/pages_controller.rb:5: syntax error, unexpected end-of-input, expecting `end'
app/controllers/pages_controller.rb:5: syntax error, unexpected end-of-input, expecting `end'
Started GET "/" for 127.0.0.1 at 2022-04-17 20:38:41 +0200
  
SyntaxError (/Users/openpartners/Projekty/RoR/Ilya B./kurs/AskIt/AskIt/app/controllers/pages_controller.rb:5: syntax error, unexpected end-of-input, expecting `end'):
  
app/controllers/pages_controller.rb:5: syntax error, unexpected end-of-input, expecting `end'
app/controllers/pages_controller.rb:5: syntax error, unexpected end-of-input, expecting `end'
app/controllers/pages_controller.rb:5: syntax error, unexpected end-of-input, expecting `end'
Started GET "/" for 127.0.0.1 at 2022-04-17 20:39:22 +0200
  
SyntaxError (/Users/openpartners/Projekty/RoR/Ilya B./kurs/AskIt/AskIt/app/controllers/pages_controller.rb:4: syntax error, unexpected instance variable, expecting ':'
      @name = params[:name]
      ^~~~~
/Users/openpartners/Projekty/RoR/Ilya B./kurs/AskIt/AskIt/app/controllers/pages_controller.rb:5: else without rescue is useless
    else
    ^~~~
/Users/openpartners/Projekty/RoR/Ilya B./kurs/AskIt/AskIt/app/controllers/pages_controller.rb:9: syntax error, unexpected `end', expecting end-of-input):
  
app/controllers/pages_controller.rb:4: syntax error, unexpected instance variable, expecting ':'
app/controllers/pages_controller.rb:5: else without rescue is useless
app/controllers/pages_controller.rb:9: syntax error, unexpected `end', expecting end-of-input
app/controllers/pages_controller.rb:4: syntax error, unexpected instance variable, expecting ':'
app/controllers/pages_controller.rb:5: else without rescue is useless
app/controllers/pages_controller.rb:9: syntax error, unexpected `end', expecting end-of-input
app/controllers/pages_controller.rb:4: syntax error, unexpected instance variable, expecting ':'
app/controllers/pages_controller.rb:5: else without rescue is useless
app/controllers/pages_controller.rb:9: syntax error, unexpected `end', expecting end-of-input
Started GET "/" for 127.0.0.1 at 2022-04-17 20:39:51 +0200
  
SyntaxError (/Users/openpartners/Projekty/RoR/Ilya B./kurs/AskIt/AskIt/app/controllers/pages_controller.rb:3: syntax error, unexpected local variable or method, expecting `then' or ';' or '\n'
    if params[:name] to
                     ^~
/Users/openpartners/Projekty/RoR/Ilya B./kurs/AskIt/AskIt/app/controllers/pages_controller.rb:5: else without rescue is useless
    else
    ^~~~
/Users/openpartners/Projekty/RoR/Ilya B./kurs/AskIt/AskIt/app/controllers/pages_controller.rb:9: syntax error, unexpected `end', expecting end-of-input):
  
app/controllers/pages_controller.rb:3: syntax error, unexpected local variable or method, expecting `then' or ';' or '\n'
app/controllers/pages_controller.rb:5: else without rescue is useless
app/controllers/pages_controller.rb:9: syntax error, unexpected `end', expecting end-of-input
app/controllers/pages_controller.rb:3: syntax error, unexpected local variable or method, expecting `then' or ';' or '\n'
app/controllers/pages_controller.rb:5: else without rescue is useless
app/controllers/pages_controller.rb:9: syntax error, unexpected `end', expecting end-of-input
app/controllers/pages_controller.rb:3: syntax error, unexpected local variable or method, expecting `then' or ';' or '\n'
app/controllers/pages_controller.rb:5: else without rescue is useless
app/controllers/pages_controller.rb:9: syntax error, unexpected `end', expecting end-of-input
Started GET "/" for 127.0.0.1 at 2022-04-17 20:40:06 +0200
  
SyntaxError (/Users/openpartners/Projekty/RoR/Ilya B./kurs/AskIt/AskIt/app/controllers/pages_controller.rb:5: else without rescue is useless
    else
    ^~~~
/Users/openpartners/Projekty/RoR/Ilya B./kurs/AskIt/AskIt/app/controllers/pages_controller.rb:9: syntax error, unexpected end-of-input, expecting `end'):
  
app/controllers/pages_controller.rb:5: else without rescue is useless
app/controllers/pages_controller.rb:9: syntax error, unexpected end-of-input, expecting `end'
app/controllers/pages_controller.rb:5: else without rescue is useless
app/controllers/pages_controller.rb:9: syntax error, unexpected end-of-input, expecting `end'
app/controllers/pages_controller.rb:5: else without rescue is useless
app/controllers/pages_controller.rb:9: syntax error, unexpected end-of-input, expecting `end'
Started GET "/" for 127.0.0.1 at 2022-04-17 20:40:39 +0200
  
SyntaxError (/Users/openpartners/Projekty/RoR/Ilya B./kurs/AskIt/AskIt/app/controllers/pages_controller.rb:3: syntax error, unexpected `do'
    if params[:name]? do
                      ^~
/Users/openpartners/Projekty/RoR/Ilya B./kurs/AskIt/AskIt/app/controllers/pages_controller.rb:5: else without rescue is useless
    else
    ^~~~
/Users/openpartners/Projekty/RoR/Ilya B./kurs/AskIt/AskIt/app/controllers/pages_controller.rb:9: syntax error, unexpected `end', expecting end-of-input):
  
app/controllers/pages_controller.rb:3: syntax error, unexpected `do'
app/controllers/pages_controller.rb:5: else without rescue is useless
app/controllers/pages_controller.rb:9: syntax error, unexpected `end', expecting end-of-input
app/controllers/pages_controller.rb:3: syntax error, unexpected `do'
app/controllers/pages_controller.rb:5: else without rescue is useless
app/controllers/pages_controller.rb:9: syntax error, unexpected `end', expecting end-of-input
app/controllers/pages_controller.rb:3: syntax error, unexpected `do'
app/controllers/pages_controller.rb:5: else without rescue is useless
app/controllers/pages_controller.rb:9: syntax error, unexpected `end', expecting end-of-input
Started GET "/" for 127.0.0.1 at 2022-04-17 20:41:53 +0200
  
SyntaxError (/Users/openpartners/Projekty/RoR/Ilya B./kurs/AskIt/AskIt/app/controllers/pages_controller.rb:5: else without rescue is useless
    else
    ^~~~
/Users/openpartners/Projekty/RoR/Ilya B./kurs/AskIt/AskIt/app/controllers/pages_controller.rb:9: syntax error, unexpected end-of-input, expecting `end'):
  
app/controllers/pages_controller.rb:5: else without rescue is useless
app/controllers/pages_controller.rb:9: syntax error, unexpected end-of-input, expecting `end'
app/controllers/pages_controller.rb:5: else without rescue is useless
app/controllers/pages_controller.rb:9: syntax error, unexpected end-of-input, expecting `end'
app/controllers/pages_controller.rb:5: else without rescue is useless
app/controllers/pages_controller.rb:9: syntax error, unexpected end-of-input, expecting `end'
Started GET "/" for 127.0.0.1 at 2022-04-17 20:44:30 +0200
  
SyntaxError (/Users/openpartners/Projekty/RoR/Ilya B./kurs/AskIt/AskIt/app/controllers/pages_controller.rb:5: syntax error, unexpected end-of-input, expecting `end'):
  
app/controllers/pages_controller.rb:5: syntax error, unexpected end-of-input, expecting `end'
app/controllers/pages_controller.rb:5: syntax error, unexpected end-of-input, expecting `end'
app/controllers/pages_controller.rb:5: syntax error, unexpected end-of-input, expecting `end'
Started GET "/" for 127.0.0.1 at 2022-04-17 20:45:55 +0200
  
SyntaxError (/Users/openpartners/Projekty/RoR/Ilya B./kurs/AskIt/AskIt/app/controllers/pages_controller.rb:5: syntax error, unexpected end-of-input, expecting `end'):
  
app/controllers/pages_controller.rb:5: syntax error, unexpected end-of-input, expecting `end'
app/controllers/pages_controller.rb:5: syntax error, unexpected end-of-input, expecting `end'
app/controllers/pages_controller.rb:5: syntax error, unexpected end-of-input, expecting `end'
Started GET "/" for 127.0.0.1 at 2022-04-17 20:46:15 +0200
  
SyntaxError (/Users/openpartners/Projekty/RoR/Ilya B./kurs/AskIt/AskIt/app/controllers/pages_controller.rb:4: syntax error, unexpected end-of-input, expecting `end'):
  
app/controllers/pages_controller.rb:4: syntax error, unexpected end-of-input, expecting `end'
app/controllers/pages_controller.rb:4: syntax error, unexpected end-of-input, expecting `end'
app/controllers/pages_controller.rb:4: syntax error, unexpected end-of-input, expecting `end'
Started GET "/" for 127.0.0.1 at 2022-04-17 20:47:00 +0200
  
SyntaxError (/Users/openpartners/Projekty/RoR/Ilya B./kurs/AskIt/AskIt/app/controllers/pages_controller.rb:3: syntax error, unexpected '?'
    if params[:name]? ? @name = params[:name] : @nam...
                      ^
/Users/openpartners/Projekty/RoR/Ilya B./kurs/AskIt/AskIt/app/controllers/pages_controller.rb:3: syntax error, unexpected ':', expecting `end'
...ame]? ? @name = params[:name] : @name = "X-Men" 
...                              ^
):
  
app/controllers/pages_controller.rb:3: syntax error, unexpected '?'
app/controllers/pages_controller.rb:3: syntax error, unexpected ':', expecting `end'
app/controllers/pages_controller.rb:3: syntax error, unexpected '?'
app/controllers/pages_controller.rb:3: syntax error, unexpected ':', expecting `end'
app/controllers/pages_controller.rb:3: syntax error, unexpected '?'
app/controllers/pages_controller.rb:3: syntax error, unexpected ':', expecting `end'
Started GET "/" for 127.0.0.1 at 2022-04-17 20:48:19 +0200
  
SyntaxError (/Users/openpartners/Projekty/RoR/Ilya B./kurs/AskIt/AskIt/app/controllers/pages_controller.rb:5: syntax error, unexpected `else', expecting ':'
    else
    ^~~~
/Users/openpartners/Projekty/RoR/Ilya B./kurs/AskIt/AskIt/app/controllers/pages_controller.rb:9: syntax error, unexpected `end', expecting end-of-input):
  
app/controllers/pages_controller.rb:5: syntax error, unexpected `else', expecting ':'
app/controllers/pages_controller.rb:9: syntax error, unexpected `end', expecting end-of-input
app/controllers/pages_controller.rb:5: syntax error, unexpected `else', expecting ':'
app/controllers/pages_controller.rb:9: syntax error, unexpected `end', expecting end-of-input
app/controllers/pages_controller.rb:5: syntax error, unexpected `else', expecting ':'
app/controllers/pages_controller.rb:9: syntax error, unexpected `end', expecting end-of-input
Started GET "/" for 127.0.0.1 at 2022-04-17 20:48:37 +0200
Processing by PagesController#index as HTML
  Rendering layout layouts/application.html.erb
  Rendering pages/index.html.erb within layouts/application
  Rendered pages/index.html.erb within layouts/application (Duration: 0.2ms | Allocations: 45)
[Webpacker] Everything's up-to-date. Nothing to do
  Rendered layout layouts/application.html.erb (Duration: 51.9ms | Allocations: 3697)
Completed 200 OK in 56ms (Views: 54.9ms | Allocations: 4202)


Started GET "/" for 127.0.0.1 at 2022-04-17 20:49:44 +0200
  
SyntaxError (/Users/openpartners/Projekty/RoR/Ilya B./kurs/AskIt/AskIt/app/controllers/pages_controller.rb:5: syntax error, unexpected end-of-input, expecting `end'):
  
app/controllers/pages_controller.rb:5: syntax error, unexpected end-of-input, expecting `end'
app/controllers/pages_controller.rb:5: syntax error, unexpected end-of-input, expecting `end'
app/controllers/pages_controller.rb:5: syntax error, unexpected end-of-input, expecting `end'
Started GET "/" for 127.0.0.1 at 2022-04-17 20:49:55 +0200
Processing by PagesController#index as HTML
  Rendering layout layouts/application.html.erb
  Rendering pages/index.html.erb within layouts/application
  Rendered pages/index.html.erb within layouts/application (Duration: 0.4ms | Allocations: 45)
[Webpacker] Everything's up-to-date. Nothing to do
  Rendered layout layouts/application.html.erb (Duration: 37.6ms | Allocations: 3697)
Completed 200 OK in 45ms (Views: 42.6ms | Allocations: 4202)


Started GET "/?name=Andrey" for 127.0.0.1 at 2022-04-17 20:50:12 +0200
Processing by PagesController#index as HTML
  Parameters: {"name"=>"Andrey"}
  Rendering layout layouts/application.html.erb
  Rendering pages/index.html.erb within layouts/application
  Rendered pages/index.html.erb within layouts/application (Duration: 0.3ms | Allocations: 45)
[Webpacker] Everything's up-to-date. Nothing to do
  Rendered layout layouts/application.html.erb (Duration: 52.0ms | Allocations: 3720)
Completed 200 OK in 58ms (Views: 55.8ms | Allocations: 4106)


Started GET "/?name=Andrey" for 127.0.0.1 at 2022-04-17 20:55:57 +0200
Processing by PagesController#index as HTML
  Parameters: {"name"=>"Andrey"}
  Rendering layout layouts/application.html.erb
  Rendering pages/index.html.erb within layouts/application
  Rendered pages/index.html.erb within layouts/application (Duration: 0.3ms | Allocations: 45)
[Webpacker] Everything's up-to-date. Nothing to do
  Rendered layout layouts/application.html.erb (Duration: 31.9ms | Allocations: 3725)
Completed 200 OK in 34ms (Views: 33.3ms | Allocations: 4110)


Started GET "/?name=" for 127.0.0.1 at 2022-04-17 20:56:04 +0200
Processing by PagesController#index as HTML
  Parameters: {"name"=>""}
  Rendering layout layouts/application.html.erb
  Rendering pages/index.html.erb within layouts/application
  Rendered pages/index.html.erb within layouts/application (Duration: 0.3ms | Allocations: 45)
[Webpacker] Everything's up-to-date. Nothing to do
  Rendered layout layouts/application.html.erb (Duration: 25.4ms | Allocations: 3720)
Completed 200 OK in 29ms (Views: 27.1ms | Allocations: 4105)


Started GET "/?name" for 127.0.0.1 at 2022-04-17 20:56:10 +0200
Processing by PagesController#index as HTML
  Parameters: {"name"=>nil}
  Rendering layout layouts/application.html.erb
  Rendering pages/index.html.erb within layouts/application
  Rendered pages/index.html.erb within layouts/application (Duration: 0.3ms | Allocations: 45)
[Webpacker] Everything's up-to-date. Nothing to do
  Rendered layout layouts/application.html.erb (Duration: 33.6ms | Allocations: 3720)
Completed 200 OK in 37ms (Views: 35.5ms | Allocations: 4105)


Started GET "/" for 127.0.0.1 at 2022-04-17 20:56:17 +0200
Processing by PagesController#index as HTML
  Rendering layout layouts/application.html.erb
  Rendering pages/index.html.erb within layouts/application
  Rendered pages/index.html.erb within layouts/application (Duration: 0.2ms | Allocations: 45)
[Webpacker] Everything's up-to-date. Nothing to do
  Rendered layout layouts/application.html.erb (Duration: 30.4ms | Allocations: 3720)
Completed 200 OK in 32ms (Views: 31.1ms | Allocations: 4108)


Started GET "/" for 127.0.0.1 at 2022-04-17 20:56:32 +0200
Processing by PagesController#index as HTML
  Rendering layout layouts/application.html.erb
  Rendering pages/index.html.erb within layouts/application
  Rendered pages/index.html.erb within layouts/application (Duration: 0.2ms | Allocations: 45)
[Webpacker] Everything's up-to-date. Nothing to do
  Rendered layout layouts/application.html.erb (Duration: 36.1ms | Allocations: 3733)
Completed 200 OK in 38ms (Views: 36.8ms | Allocations: 4120)


Started GET "/" for 127.0.0.1 at 2022-04-18 22:55:20 +0200
  [1m[35m (5.8ms)[0m  [1m[34mSELECT sqlite_version(*)[0m
  [1m[35m (1.4ms)[0m  [1m[34mSELECT "schema_migrations"."version" FROM "schema_migrations" ORDER BY "schema_migrations"."version" ASC[0m
Processing by PagesController#index as HTML
  Rendering layout layouts/application.html.erb
  Rendering pages/index.html.erb within layouts/application
  Rendered pages/index.html.erb within layouts/application (Duration: 10.5ms | Allocations: 248)
[Webpacker] Everything's up-to-date. Nothing to do
  Rendered layout layouts/application.html.erb (Duration: 130.2ms | Allocations: 5707)
Completed 200 OK in 204ms (Views: 161.9ms | ActiveRecord: 0.0ms | Allocations: 8196)


Started GET "/questions/new" for 127.0.0.1 at 2022-04-18 22:55:30 +0200
Processing by QuestionsController#new as HTML
  Rendering layout layouts/application.html.erb
  Rendering questions/new.html.erb within layouts/application
  Rendered questions/new.html.erb within layouts/application (Duration: 11.7ms | Allocations: 1290)
[Webpacker] Everything's up-to-date. Nothing to do
  Rendered layout layouts/application.html.erb (Duration: 25.9ms | Allocations: 4867)
Completed 200 OK in 58ms (Views: 32.1ms | ActiveRecord: 1.6ms | Allocations: 9108)


Started GET "/questions/new" for 127.0.0.1 at 2022-04-18 22:58:52 +0200
Processing by QuestionsController#new as HTML
  Rendering layout layouts/application.html.erb
  Rendering questions/new.html.erb within layouts/application
  Rendered questions/new.html.erb within layouts/application (Duration: 153.4ms | Allocations: 7188)
[Webpacker] Everything's up-to-date. Nothing to do
  Rendered layout layouts/application.html.erb (Duration: 197.4ms | Allocations: 10971)
Completed 200 OK in 208ms (Views: 202.5ms | ActiveRecord: 0.0ms | Allocations: 12063)


Started GET "/questions/new" for 127.0.0.1 at 2022-04-18 23:01:44 +0200
Processing by QuestionsController#new as HTML
  Rendering layout layouts/application.html.erb
  Rendering questions/new.html.erb within layouts/application
  Rendered questions/new.html.erb within layouts/application (Duration: 45.2ms | Allocations: 5504)
[Webpacker] Everything's up-to-date. Nothing to do
  Rendered layout layouts/application.html.erb (Duration: 77.1ms | Allocations: 9289)
Completed 200 OK in 89ms (Views: 86.6ms | Allocations: 10392)


Started GET "/questions/new" for 127.0.0.1 at 2022-04-18 23:06:50 +0200
Processing by QuestionsController#new as HTML
  [1m[35m (0.1ms)[0m  [1m[34mSELECT sqlite_version(*)[0m
  ↳ app/controllers/questions_controller.rb:6:in `new'
  Rendering layout layouts/application.html.erb
  Rendering questions/new.html.erb within layouts/application
  Rendered questions/new.html.erb within layouts/application (Duration: 2.1ms | Allocations: 2399)
[Webpacker] Everything's up-to-date. Nothing to do
  Rendered layout layouts/application.html.erb (Duration: 25.0ms | Allocations: 5971)
Completed 200 OK in 41ms (Views: 26.2ms | ActiveRecord: 0.6ms | Allocations: 9486)


Started POST "/questions/new" for 127.0.0.1 at 2022-04-18 23:07:18 +0200
  
ActionController::RoutingError (No route matches [POST] "/questions/new"):
  
Started POST "/questions/new" for 127.0.0.1 at 2022-04-18 23:08:01 +0200
  [1m[35m (3.5ms)[0m  [1m[34mSELECT sqlite_version(*)[0m
  [1m[35m (1.4ms)[0m  [1m[34mSELECT "schema_migrations"."version" FROM "schema_migrations" ORDER BY "schema_migrations"."version" ASC[0m
  
ActionController::RoutingError (No route matches [POST] "/questions/new"):
  
Started GET "/questions/new" for 127.0.0.1 at 2022-04-18 23:08:55 +0200
Processing by QuestionsController#new as HTML
  Rendering layout layouts/application.html.erb
  Rendering questions/new.html.erb within layouts/application
  Rendered questions/new.html.erb within layouts/application (Duration: 46.6ms | Allocations: 4073)
[Webpacker] Everything's up-to-date. Nothing to do
  Rendered layout layouts/application.html.erb (Duration: 108.8ms | Allocations: 9415)
Completed 200 OK in 150ms (Views: 124.3ms | ActiveRecord: 1.0ms | Allocations: 15331)


Started GET "/questions" for 127.0.0.1 at 2022-04-18 23:08:59 +0200
Processing by QuestionsController#index as HTML
  Rendering layout layouts/application.html.erb
  Rendering questions/index.html.erb within layouts/application
  [1m[36mQuestion Load (1.6ms)[0m  [1m[34mSELECT "questions".* FROM "questions"[0m
  ↳ app/views/questions/index.html.erb:3
  Rendered questions/index.html.erb within layouts/application (Duration: 10.8ms | Allocations: 1092)
[Webpacker] Everything's up-to-date. Nothing to do
  Rendered layout layouts/application.html.erb (Duration: 31.8ms | Allocations: 4779)
Completed 200 OK in 36ms (Views: 31.7ms | ActiveRecord: 1.6ms | Allocations: 5382)


Started GET "/questions/new" for 127.0.0.1 at 2022-04-18 23:09:07 +0200
Processing by QuestionsController#new as HTML
  Rendering layout layouts/application.html.erb
  Rendering questions/new.html.erb within layouts/application
  Rendered questions/new.html.erb within layouts/application (Duration: 7.4ms | Allocations: 2097)
[Webpacker] Everything's up-to-date. Nothing to do
  Rendered layout layouts/application.html.erb (Duration: 34.9ms | Allocations: 5666)
Completed 200 OK in 38ms (Views: 36.3ms | ActiveRecord: 0.0ms | Allocations: 6065)


Started POST "/questions/new" for 127.0.0.1 at 2022-04-18 23:09:19 +0200
  
ActionController::RoutingError (No route matches [POST] "/questions/new"):
  
Started POST "/questions/new" for 127.0.0.1 at 2022-04-18 23:19:49 +0200
  
ActionController::RoutingError (No route matches [POST] "/questions/new"):
  
Started POST "/questions/new" for 127.0.0.1 at 2022-04-18 23:21:44 +0200
  
ActionController::RoutingError (No route matches [POST] "/questions/new"):
  
Started GET "/questions/new" for 127.0.0.1 at 2022-04-18 23:22:55 +0200
Processing by QuestionsController#new as HTML
  Rendering layout layouts/application.html.erb
  Rendering questions/new.html.erb within layouts/application
  Rendered questions/new.html.erb within layouts/application (Duration: 3.0ms | Allocations: 2093)
[Webpacker] Everything's up-to-date. Nothing to do
  Rendered layout layouts/application.html.erb (Duration: 62.0ms | Allocations: 5666)
Completed 200 OK in 64ms (Views: 63.1ms | Allocations: 6062)


Started GET "/questions" for 127.0.0.1 at 2022-04-18 23:23:03 +0200
Processing by QuestionsController#index as HTML
  Rendering layout layouts/application.html.erb
  Rendering questions/index.html.erb within layouts/application
  [1m[35m (0.1ms)[0m  [1m[34mSELECT sqlite_version(*)[0m
  ↳ app/views/questions/index.html.erb:3
  [1m[36mQuestion Load (1.5ms)[0m  [1m[34mSELECT "questions".* FROM "questions"[0m
  ↳ app/views/questions/index.html.erb:3
  Rendered questions/index.html.erb within layouts/application (Duration: 15.0ms | Allocations: 1434)
[Webpacker] Everything's up-to-date. Nothing to do
  Rendered layout layouts/application.html.erb (Duration: 65.2ms | Allocations: 5776)
Completed 200 OK in 69ms (Views: 66.7ms | ActiveRecord: 2.2ms | Allocations: 6169)


Started GET "/" for 127.0.0.1 at 2022-04-18 23:23:06 +0200
Processing by PagesController#index as HTML
  Rendering layout layouts/application.html.erb
  Rendering pages/index.html.erb within layouts/application
  Rendered pages/index.html.erb within layouts/application (Duration: 3.2ms | Allocations: 139)
[Webpacker] Everything's up-to-date. Nothing to do
  Rendered layout layouts/application.html.erb (Duration: 31.8ms | Allocations: 3785)
Completed 200 OK in 45ms (Views: 41.3ms | ActiveRecord: 0.0ms | Allocations: 4668)


Started GET "/questions" for 127.0.0.1 at 2022-04-18 23:23:07 +0200
Processing by QuestionsController#index as HTML
  Rendering layout layouts/application.html.erb
  Rendering questions/index.html.erb within layouts/application
  [1m[36mQuestion Load (0.2ms)[0m  [1m[34mSELECT "questions".* FROM "questions"[0m
  ↳ app/views/questions/index.html.erb:3
  Rendered questions/index.html.erb within layouts/application (Duration: 3.5ms | Allocations: 717)
[Webpacker] Everything's up-to-date. Nothing to do
  Rendered layout layouts/application.html.erb (Duration: 33.4ms | Allocations: 5066)
Completed 200 OK in 35ms (Views: 33.9ms | ActiveRecord: 0.2ms | Allocations: 5457)


Started GET "/questions/new" for 127.0.0.1 at 2022-04-18 23:23:16 +0200
Processing by QuestionsController#new as HTML
  Rendering layout layouts/application.html.erb
  Rendering questions/new.html.erb within layouts/application
  Rendered questions/new.html.erb within layouts/application (Duration: 3.8ms | Allocations: 2096)
[Webpacker] Everything's up-to-date. Nothing to do
  Rendered layout layouts/application.html.erb (Duration: 38.0ms | Allocations: 5663)
Completed 200 OK in 40ms (Views: 38.6ms | ActiveRecord: 0.0ms | Allocations: 6052)


Started GET "/questions/create" for 127.0.0.1 at 2022-04-18 23:23:24 +0200
  
ActionController::RoutingError (No route matches [GET] "/questions/create"):
  
Started GET "/questions/new" for 127.0.0.1 at 2022-04-18 23:23:31 +0200
Processing by QuestionsController#new as HTML
  Rendering layout layouts/application.html.erb
  Rendering questions/new.html.erb within layouts/application
  Rendered questions/new.html.erb within layouts/application (Duration: 4.9ms | Allocations: 2091)
[Webpacker] Everything's up-to-date. Nothing to do
  Rendered layout layouts/application.html.erb (Duration: 27.5ms | Allocations: 5658)
Completed 200 OK in 30ms (Views: 28.4ms | ActiveRecord: 0.0ms | Allocations: 6046)


Started POST "/questions/new" for 127.0.0.1 at 2022-04-18 23:23:38 +0200
  
ActionController::RoutingError (No route matches [POST] "/questions/new"):
  
Started GET "/questions/new" for 127.0.0.1 at 2022-04-18 23:27:39 +0200
Processing by QuestionsController#new as HTML
  Rendering layout layouts/application.html.erb
  Rendering questions/new.html.erb within layouts/application
  Rendered questions/new.html.erb within layouts/application (Duration: 3.4ms | Allocations: 2093)
[Webpacker] Everything's up-to-date. Nothing to do
  Rendered layout layouts/application.html.erb (Duration: 42.8ms | Allocations: 5665)
Completed 200 OK in 46ms (Views: 44.1ms | ActiveRecord: 0.0ms | Allocations: 6055)


Started GET "/questions/new" for 127.0.0.1 at 2022-04-18 23:49:48 +0200
Processing by QuestionsController#new as HTML
  [1m[35m (0.1ms)[0m  [1m[34mSELECT sqlite_version(*)[0m
  ↳ app/controllers/questions_controller.rb:6:in `new'
  Rendering layout layouts/application.html.erb
  Rendering questions/new.html.erb within layouts/application
  Rendered questions/new.html.erb within layouts/application (Duration: 3.5ms | Allocations: 775)
[Webpacker] Everything's up-to-date. Nothing to do
  Rendered layout layouts/application.html.erb (Duration: 32.3ms | Allocations: 4404)
Completed 200 OK in 54ms (Views: 34.0ms | ActiveRecord: 0.4ms | Allocations: 7943)


Started POST "/questions" for 127.0.0.1 at 2022-04-18 23:50:01 +0200
Processing by QuestionsController#create as HTML
  Parameters: {"authenticity_token"=>"[FILTERED]", "question"=>{"title"=>"test 1", "body"=>"body test 1"}, "commit"=>"Submit question!"}
  Rendering text template
  Rendered text template (Duration: 0.2ms | Allocations: 25)
Completed 200 OK in 14ms (Views: 10.5ms | ActiveRecord: 0.0ms | Allocations: 505)


Started GET "/questions/new" for 127.0.0.1 at 2022-04-18 23:50:28 +0200
Processing by QuestionsController#new as HTML
  Rendering layout layouts/application.html.erb
  Rendering questions/new.html.erb within layouts/application
  Rendered questions/new.html.erb within layouts/application (Duration: 2.4ms | Allocations: 598)
[Webpacker] Everything's up-to-date. Nothing to do
  Rendered layout layouts/application.html.erb (Duration: 31.2ms | Allocations: 4262)
Completed 200 OK in 34ms (Views: 32.3ms | ActiveRecord: 0.0ms | Allocations: 4650)


